<?xml version="1.0" encoding="UTF-8"?>
<testng-results skipped="0" failed="0" ignored="0" total="2" passed="2">
  <reporter-output>
  </reporter-output>
  <suite name="Suite" duration-ms="59888" started-at="2019-11-04T09:47:21Z" finished-at="2019-11-04T09:48:21Z">
    <groups>
    </groups>
    <test name="Test" duration-ms="59888" started-at="2019-11-04T09:47:21Z" finished-at="2019-11-04T09:48:21Z">
      <class name="scripts.Signup_facebook">
        <test-method status="PASS" signature="bm()[pri:0, instance:scripts.Signup_facebook@47d384ee]" name="bm" is-config="true" duration-ms="8736" started-at="2019-11-04T15:17:48Z" finished-at="2019-11-04T15:17:57Z">
          <reporter-output>
          </reporter-output>
        </test-method> <!-- bm -->
        <test-method status="PASS" signature="facebooksignupscript()[pri:0, instance:scripts.Signup_facebook@47d384ee]" name="facebooksignupscript" duration-ms="22357" started-at="2019-11-04T15:17:57Z" finished-at="2019-11-04T15:18:19Z">
          <reporter-output>
          </reporter-output>
        </test-method> <!-- facebooksignupscript -->
        <test-method status="PASS" signature="ab()[pri:0, instance:scripts.Signup_facebook@47d384ee]" name="ab" is-config="true" duration-ms="1688" started-at="2019-11-04T15:18:19Z" finished-at="2019-11-04T15:18:21Z">
          <reporter-output>
          </reporter-output>
        </test-method> <!-- ab -->
      </class> <!-- scripts.Signup_facebook -->
      <class name="scripts.Gmail_account">
        <test-method status="PASS" signature="bm()[pri:0, instance:scripts.Gmail_account@3ac42916]" name="bm" is-config="true" duration-ms="7141" started-at="2019-11-04T15:17:21Z" finished-at="2019-11-04T15:17:28Z">
          <reporter-output>
          </reporter-output>
        </test-method> <!-- bm -->
        <test-method status="PASS" signature="gamil_data()[pri:0, instance:scripts.Gmail_account@3ac42916]" name="gamil_data" duration-ms="18293" started-at="2019-11-04T15:17:28Z" finished-at="2019-11-04T15:17:47Z">
          <reporter-output>
          </reporter-output>
        </test-method> <!-- gamil_data -->
        <test-method status="PASS" signature="ab()[pri:0, instance:scripts.Gmail_account@3ac42916]" name="ab" is-config="true" duration-ms="1657" started-at="2019-11-04T15:17:47Z" finished-at="2019-11-04T15:17:48Z">
          <reporter-output>
          </reporter-output>
        </test-method> <!-- ab -->
      </class> <!-- scripts.Gmail_account -->
    </test> <!-- Test -->
  </suite> <!-- Suite -->
</testng-results>
